2018-02-23 01:14:35:  start to sync now
2018-02-23 01:14:35: /Users/fanny/GitHub/leetcode/500. Keyboard Row.md existed and is the same file, ignore
2018-02-23 01:14:35: /Users/fanny/GitHub/leetcode/476. Number Complement.md existed and is the same file, ignore
2018-02-23 01:14:35: /Users/fanny/GitHub/leetcode/238.Move_Zeros.java existed and is the same file, ignore
2018-02-23 01:14:35: /Users/fanny/GitHub/leetcode/238.Move_Zeros.py existed and is the same file, ignore
2018-02-23 01:14:35: /Users/fanny/GitHub/leetcode/606.Construct_String_from_Binary_Tree.py existed and is the same file, ignore
2018-02-23 01:14:36: /Users/fanny/GitHub/leetcode/226. Invert Binary Tree.md existed and is the same file, ignore
2018-02-23 01:14:36: /Users/fanny/GitHub/leetcode/461. Hamming Distance.html existed and is the same file, ignore
2018-02-23 01:14:36: /Users/fanny/GitHub/leetcode/461. Hamming Distance.md existed and is the same file, ignore
2018-02-23 01:14:36: /Users/fanny/GitHub/leetcode/595. Big Countries.md existed and is the same file, ignore
2018-02-23 01:14:36: /Users/fanny/GitHub/leetcode/575.Distribute_Candies.py existed and is the same file, ignore
2018-02-23 01:14:36: /Users/fanny/GitHub/leetcode/README.md existed and is the same file, ignore
2018-02-23 01:14:36: /Users/fanny/GitHub/leetcode/463.Island_Perimeter.py existed and is the same file, ignore
2018-02-23 01:14:36: /Users/fanny/GitHub/leetcode/561. Array Partition I.md existed and is the same file, ignore
2018-02-23 01:14:36: /Users/fanny/GitHub/leetcode/657. Judge Route Circle.md existed and is the same file, ignore
2018-02-23 01:14:36: /Users/fanny/GitHub/leetcode/617. Merge Two Binary Trees.md existed and is the same file, ignore
2018-02-23 01:14:36: /Users/fanny/GitHub/leetcode/515.Find_Largest_Value_in_Each_Tree_Row.py existed and is the same file, ignore
2018-02-23 01:14:36: /Users/fanny/GitHub/leetcode/575.Distribute_Candies.java existed and is the same file, ignore
2018-02-23 01:14:36: /Users/fanny/GitHub/leetcode/1.Two_Sum.py existed and is the same file, ignore
2018-02-23 01:14:36: /Users/fanny/GitHub/leetcode/771Jewels and Stones.py existed and is the same file, ignore
2018-02-23 01:14:36: /Users/fanny/GitHub/leetcode/620. Not Boring Movies.md existed and is the same file, ignore
2018-02-23 01:14:37: /Users/fanny/GitHub/leetcode/728. Self Dividing Numbers.md existed and is the same file, ignore
2018-02-23 01:14:37: /Users/fanny/GitHub/leetcode/771. Jewels and Stones.md existed and is the same file, ignore
2018-02-23 01:14:37: /Users/fanny/GitHub/leetcode/258.Add_Digits.py existed and is the same file, ignore
2018-02-23 01:14:37: /Users/fanny/GitHub/leetcode/627. Swap Salary.md existed and is the same file, ignore
2018-02-23 01:14:37: /Users/fanny/GitHub/leetcode/620. Not Boring Movies.html existed and is the same file, ignore
2018-02-23 01:14:37: /Users/fanny/GitHub/leetcode/121.Best_Time_to_Buy_and_Sell_Stock.py existed and is the same file, ignore
2018-02-23 01:14:37: /Users/fanny/GitHub/leetcode/leetcode_python_test_field.ipynb existed and is the same file, ignore
2018-02-23 01:14:37: /Users/fanny/GitHub/leetcode/_book upload but no file exist or not a file
2018-02-23 01:14:37: /Users/fanny/GitHub/leetcode/_book/index.html existed and is the same file, ignore
2018-02-23 01:14:37: /Users/fanny/GitHub/leetcode/_book/461. Hamming Distance.html existed and is the same file, ignore
2018-02-23 01:14:37: /Users/fanny/GitHub/leetcode/_book/README.html existed and is the same file, ignore
2018-02-23 01:14:37: /Users/fanny/GitHub/leetcode/_book/771. Jewels and Stones.html existed and is the same file, ignore
2018-02-23 01:14:37: /Users/fanny/GitHub/leetcode/_book/595. Big Countries.html existed and is the same file, ignore
2018-02-23 01:14:37: /Users/fanny/GitHub/leetcode/_book/asset upload but no file exist or not a file
2018-02-23 01:14:37: /Users/fanny/GitHub/leetcode/_book/asset/other upload but no file exist or not a file
2018-02-23 01:14:37: /Users/fanny/GitHub/leetcode/_book/asset/farbox upload but no file exist or not a file
2018-02-23 01:14:37: /Users/fanny/GitHub/leetcode/_book/asset/other/flowchart.js.map existed and is the same file, ignore
2018-02-23 01:14:37: /Users/fanny/GitHub/leetcode/_book/asset/other/flowchart.js existed and is the same file, ignore
2018-02-23 01:14:37: /Users/fanny/GitHub/leetcode/_book/asset/other/raphael-min.js existed and is the same file, ignore
2018-02-23 01:14:37: /Users/fanny/GitHub/leetcode/_book/asset/other/echarts.min.js existed and is the same file, ignore
2018-02-23 01:14:38: /Users/fanny/GitHub/leetcode/_book/asset/farbox/main.css existed and is the same file, ignore
2018-02-23 01:14:38: /Users/fanny/GitHub/leetcode/_book/asset/farbox/basic.css existed and is the same file, ignore
2018-02-23 01:14:38:  sync ended
2018-02-23 01:15:39:  start to sync now
2018-02-23 01:15:40: /Users/fanny/GitHub/leetcode/_book/config.data uploaded
2018-02-23 01:15:40: /Users/fanny/GitHub/leetcode/_book/617. Merge Two Binary Trees.html uploaded
2018-02-23 01:15:40: /Users/fanny/GitHub/leetcode/_book/index.html existed, delete it first
2018-02-23 01:15:40: /Users/fanny/GitHub/leetcode/_book/index.html uploaded
2018-02-23 01:15:40: /Users/fanny/GitHub/leetcode/_book/461. Hamming Distance.html existed, delete it first
2018-02-23 01:15:40: /Users/fanny/GitHub/leetcode/_book/461. Hamming Distance.html uploaded
2018-02-23 01:15:40: /Users/fanny/GitHub/leetcode/_book/657. Judge Route Circle.html uploaded
2018-02-23 01:15:41: /Users/fanny/GitHub/leetcode/_book/README.html existed, delete it first
2018-02-23 01:15:41: /Users/fanny/GitHub/leetcode/_book/README.html uploaded
2018-02-23 01:15:41: /Users/fanny/GitHub/leetcode/_book/771. Jewels and Stones.html existed, delete it first
2018-02-23 01:15:41: /Users/fanny/GitHub/leetcode/_book/771. Jewels and Stones.html uploaded
2018-02-23 01:15:41: /Users/fanny/GitHub/leetcode/_book/561. Array Partition I.html uploaded
2018-02-23 01:15:41: /Users/fanny/GitHub/leetcode/_book/226. Invert Binary Tree.html uploaded
2018-02-23 01:15:41: /Users/fanny/GitHub/leetcode/_book/476. Number Complement.html uploaded
2018-02-23 01:15:41: /Users/fanny/GitHub/leetcode/_book/595. Big Countries.html existed, delete it first
2018-02-23 01:15:41: /Users/fanny/GitHub/leetcode/_book/595. Big Countries.html uploaded
2018-02-23 01:15:42: /Users/fanny/GitHub/leetcode/_book/500. Keyboard Row.html uploaded
2018-02-23 01:15:42: /Users/fanny/GitHub/leetcode/_book/620. Not Boring Movies.html uploaded
2018-02-23 01:15:42: /Users/fanny/GitHub/leetcode/_book/728. Self Dividing Numbers.html uploaded
2018-02-23 01:15:42: /Users/fanny/GitHub/leetcode/_book/627. Swap Salary.html uploaded
2018-02-23 01:15:42:  sync ended
2018-02-23 01:19:58:  start to sync now
2018-02-23 01:19:59:  sync ended
2018-02-23 01:20:40:  start to sync now
2018-02-23 01:20:40: /Users/fanny/GitHub/leetcode/771. Jewels and Stones.html uploaded
2018-02-23 01:20:40:  sync ended
2018-02-23 01:22:05:  start to sync now
2018-02-23 01:22:05:  sync ended
2018-02-23 02:32:17:  start to sync now
2018-02-23 02:32:17: /Users/fanny/GitHub/leetcode/682. Baseball Game.md uploaded
2018-02-23 02:32:18: /Users/fanny/GitHub/leetcode/500. Keyboard Row.md existed, delete it first
2018-02-23 02:32:18: /Users/fanny/GitHub/leetcode/500. Keyboard Row.md uploaded
2018-02-23 02:32:18: /Users/fanny/GitHub/leetcode/669. Trim a Binary Search Tree.md uploaded
2018-02-23 02:32:18: /Users/fanny/GitHub/leetcode/412. Fizz Buzz.md uploaded
2018-02-23 02:32:18: /Users/fanny/GitHub/leetcode/leetcode_python_test_field.ipynb existed, delete it first
2018-02-23 02:32:18: /Users/fanny/GitHub/leetcode/leetcode_python_test_field.ipynb uploaded
2018-02-23 02:32:18:  sync ended
2018-02-25 02:12:54:  start to sync now
2018-02-25 02:12:54: /Users/fanny/GitHub/leetcode/496. Next Greater Element I.md uploaded
2018-02-25 02:12:54: /Users/fanny/GitHub/leetcode/412. Fizz Buzz.md existed, delete it first
2018-02-25 02:12:54: /Users/fanny/GitHub/leetcode/412. Fizz Buzz.md uploaded
2018-02-25 02:12:54: /Users/fanny/GitHub/leetcode/leetcode_python_test_field.ipynb existed, delete it first
2018-02-25 02:12:54: /Users/fanny/GitHub/leetcode/leetcode_python_test_field.ipynb uploaded
2018-02-25 02:12:54:  sync ended
2018-02-25 03:23:42:  start to sync now
2018-02-25 03:23:42: /Users/fanny/GitHub/leetcode/leetcode_python_test_field.ipynb existed, delete it first
2018-02-25 03:23:42: /Users/fanny/GitHub/leetcode/leetcode_python_test_field.ipynb uploaded
2018-02-25 03:23:42: /Users/fanny/GitHub/leetcode/766. Toeplitz Matrix.md uploaded
2018-02-25 03:23:42:  sync ended
2018-02-26 06:52:17:  start to sync now
2018-02-26 06:52:24: /Users/fanny/GitHub/leetcode/566. Reshape the Matrix.md uploaded
2018-02-26 06:52:27: /Users/fanny/GitHub/leetcode/637. Average of Levels in Binary Tree.md uploaded
2018-02-26 06:52:32: /Users/fanny/GitHub/leetcode/leetcode_python_test_field.ipynb existed, delete it first
2018-02-26 06:52:32: /Users/fanny/GitHub/leetcode/leetcode_python_test_field.ipynb uploaded
2018-02-26 06:52:32:  sync ended
2018-02-26 06:57:34:  start to sync now
2018-02-26 06:57:39: /Users/fanny/GitHub/leetcode/* 637. Average of Levels in Binary Tree.md uploaded
2018-02-26 06:57:40: /Users/fanny/GitHub/leetcode/637. Average of Levels in Binary Tree.md deleted
2018-02-26 06:57:40:  sync ended
2018-02-27 02:22:03:  start to sync now
2018-02-27 02:22:03: /Users/fanny/GitHub/leetcode/292. Nim Game.md uploaded
2018-02-27 02:22:04: /Users/fanny/GitHub/leetcode/136. Single Number.md uploaded
2018-02-27 02:22:04: /Users/fanny/GitHub/leetcode/762. Prime Number of Set Bits in Binary Representation.md uploaded
2018-02-27 02:22:04: /Users/fanny/GitHub/leetcode/leetcode_python_test_field.ipynb existed, delete it first
2018-02-27 02:22:04: /Users/fanny/GitHub/leetcode/leetcode_python_test_field.ipynb uploaded
2018-02-27 02:22:04: /Users/fanny/GitHub/leetcode/693. Binary Number with Alternating Bits.md uploaded
2018-02-27 02:22:04:  sync ended
2018-02-28 02:17:45:  start to sync now
2018-02-28 02:17:46: /Users/fanny/GitHub/leetcode/104. Maximum Depth of Binary Tree.md uploaded
2018-02-28 02:17:46:  sync ended
2018-02-28 06:23:23:  start to sync now
2018-02-28 06:23:24: /Users/fanny/GitHub/leetcode/788. Rotated Digits.md uploaded
2018-02-28 06:23:24: /Users/fanny/GitHub/leetcode/520. Detect Capital.md uploaded
2018-02-28 06:23:24: /Users/fanny/GitHub/leetcode/784. Letter Case Permutation.md uploaded
2018-02-28 06:23:25: /Users/fanny/GitHub/leetcode/leetcode_python_test_field.ipynb existed, delete it first
2018-02-28 06:23:25: /Users/fanny/GitHub/leetcode/leetcode_python_test_field.ipynb uploaded
2018-02-28 06:23:25: /Users/fanny/GitHub/leetcode/485. Max Consecutive Ones.md uploaded
2018-02-28 06:23:25:  sync ended
2018-03-01 23:20:53:  start to sync now
2018-03-01 23:20:54: /Users/fanny/GitHub/leetcode/* 448. Find All Numbers Disappeared in an Array.md uploaded
2018-03-01 23:20:54: /Users/fanny/GitHub/leetcode/* 461. Hamming Distance.md uploaded
2018-03-01 23:20:54: /Users/fanny/GitHub/leetcode/A summary: how to use bit manipulation to solve problems easily and efficiently.md uploaded
2018-03-01 23:20:54: /Users/fanny/GitHub/leetcode/* 695. Max Area of Island.md uploaded
2018-03-01 23:20:54: /Users/fanny/GitHub/leetcode/389. Find the Difference.md uploaded
2018-03-01 23:20:54: /Users/fanny/GitHub/leetcode/690. Employee Importance.md uploaded
2018-03-01 23:20:54: /Users/fanny/GitHub/leetcode/627. Swap Salary.md existed, delete it first
2018-03-01 23:20:54: /Users/fanny/GitHub/leetcode/627. Swap Salary.md uploaded
2018-03-01 23:20:55: /Users/fanny/GitHub/leetcode/371. Sum of Two Integers.md uploaded
2018-03-01 23:20:55: /Users/fanny/GitHub/leetcode/leetcode_python_test_field.ipynb existed, delete it first
2018-03-01 23:20:55: /Users/fanny/GitHub/leetcode/leetcode_python_test_field.ipynb uploaded
2018-03-01 23:20:55: /Users/fanny/GitHub/leetcode/461. Hamming Distance.md deleted
2018-03-01 23:20:55:  sync ended
2018-03-02 02:54:41:  start to sync now
2018-03-02 02:54:41: /Users/fanny/GitHub/leetcode/A summary: how to use bit manipulation to solve problems easily and efficiently.md existed, delete it first
2018-03-02 02:54:41: /Users/fanny/GitHub/leetcode/A summary: how to use bit manipulation to solve problems easily and efficiently.md uploaded
2018-03-02 02:54:42: /Users/fanny/GitHub/leetcode/371. Sum of Two Integers.md existed, delete it first
2018-03-02 02:54:42: /Users/fanny/GitHub/leetcode/371. Sum of Two Integers.md uploaded
2018-03-02 02:54:42: /Users/fanny/GitHub/leetcode/leetcode_python_test_field.ipynb existed, delete it first
2018-03-02 02:54:42: /Users/fanny/GitHub/leetcode/leetcode_python_test_field.ipynb uploaded
2018-03-02 02:54:42:  sync ended
2018-03-02 06:01:38:  start to sync now
2018-03-02 06:01:39: /Users/fanny/GitHub/leetcode/696. Count Binary Substrings.md uploaded
2018-03-02 06:01:40: /Users/fanny/GitHub/leetcode/653. Two Sum IV - Input is a BST.md uploaded
2018-03-02 06:01:40: /Users/fanny/GitHub/leetcode/371. Sum of Two Integers.md existed, delete it first
2018-03-02 06:01:40: /Users/fanny/GitHub/leetcode/371. Sum of Two Integers.md uploaded
2018-03-02 06:01:40: /Users/fanny/GitHub/leetcode/leetcode_python_test_field.ipynb existed, delete it first
2018-03-02 06:01:40: /Users/fanny/GitHub/leetcode/leetcode_python_test_field.ipynb uploaded
2018-03-02 06:01:40:  sync ended
2018-03-02 17:47:59:  start to sync now
2018-03-02 17:47:59: /Users/fanny/GitHub/leetcode/98. Same Tree.md uploaded
2018-03-02 17:47:59:  sync ended
2018-03-03 04:21:11:  start to sync now
2018-03-03 04:21:12: /Users/fanny/GitHub/leetcode/717. 1-bit and 2-bit Characters.md uploaded
2018-03-03 04:21:12: /Users/fanny/GitHub/leetcode/501. Find Mode in Binary Search Tree.md uploaded
2018-03-03 04:21:12: /Users/fanny/GitHub/leetcode/538. Convert BST to Greater Tree.md uploaded
2018-03-03 04:21:12: /Users/fanny/GitHub/leetcode/653. Two Sum IV - Input is a BST.md existed, delete it first
2018-03-03 04:21:12: /Users/fanny/GitHub/leetcode/653. Two Sum IV - Input is a BST.md uploaded
2018-03-03 04:21:13: /Users/fanny/GitHub/leetcode/leetcode_python_test_field.ipynb existed, delete it first
2018-03-03 04:21:13: /Users/fanny/GitHub/leetcode/leetcode_python_test_field.ipynb uploaded
2018-03-03 04:21:13: /Users/fanny/GitHub/leetcode/404. Sum of Left Leaves.md uploaded
2018-03-03 04:21:13:  sync ended
2018-03-03 04:21:28:  start to sync now
2018-03-03 04:21:29: /Users/fanny/GitHub/leetcode/717. 1-bit and 2-bit Characters.html uploaded
2018-03-03 04:21:29:  sync ended
2018-03-03 05:36:45:  start to sync now
2018-03-03 05:36:46: /Users/fanny/GitHub/leetcode/Inorder Tree Traversal without recursion and without stack.md uploaded
2018-03-03 05:36:46: /Users/fanny/GitHub/leetcode/leetcode_python_test_field.ipynb existed, delete it first
2018-03-03 05:36:46: /Users/fanny/GitHub/leetcode/leetcode_python_test_field.ipynb uploaded
2018-03-03 05:36:46:  sync ended
2018-03-03 06:31:24:  start to sync now
2018-03-03 06:31:24: /Users/fanny/GitHub/leetcode/171. Excel Sheet Column Number.md uploaded
2018-03-03 06:31:24: /Users/fanny/GitHub/leetcode/598. Range Addition II.md uploaded
2018-03-03 06:31:24: /Users/fanny/GitHub/leetcode/168. Excel Sheet Column Title.md uploaded
2018-03-03 06:31:25: /Users/fanny/GitHub/leetcode/leetcode_python_test_field.ipynb existed, delete it first
2018-03-03 06:31:25: /Users/fanny/GitHub/leetcode/leetcode_python_test_field.ipynb uploaded
2018-03-03 06:31:25:  sync ended
2018-03-03 17:33:22:  start to sync now
2018-03-03 17:33:23: /Users/fanny/GitHub/leetcode/349. Intersection of Two Arrays.md uploaded
2018-03-03 17:33:23:  sync ended
2018-03-03 20:49:36:  start to sync now
2018-03-03 20:49:36: /Users/fanny/GitHub/leetcode/492. Construct the Rectangle.md uploaded
2018-03-03 20:49:36: /Users/fanny/GitHub/leetcode/453. Minimum Moves to Equal Array Elements.md uploaded
2018-03-03 20:49:37:  sync ended
2018-03-03 22:06:39:  start to sync now
2018-03-03 22:06:39: /Users/fanny/GitHub/leetcode/492. Construct the Rectangle.md existed, delete it first
2018-03-03 22:06:39: /Users/fanny/GitHub/leetcode/492. Construct the Rectangle.md uploaded
2018-03-03 22:06:40:  sync ended
2018-03-03 23:12:58:  start to sync now
2018-03-03 23:12:59: /Users/fanny/GitHub/leetcode/LeetCode Plan.md uploaded
2018-03-03 23:12:59: /Users/fanny/GitHub/leetcode/733. Flood Fill.md uploaded
2018-03-03 23:12:59:  sync ended
2018-03-03 23:22:23:  start to sync now
2018-03-03 23:22:24: /Users/fanny/GitHub/leetcode/LeetCode Plan.md existed, delete it first
2018-03-03 23:22:24: /Users/fanny/GitHub/leetcode/LeetCode Plan.md uploaded
2018-03-03 23:22:24:  sync ended
2018-03-04 23:46:25:  start to sync now
2018-03-04 23:46:26: /Users/fanny/GitHub/leetcode/383. Ransom Note.md uploaded
2018-03-04 23:46:26: /Users/fanny/GitHub/leetcode/13. Roman to Integer.md uploaded
2018-03-04 23:46:26: /Users/fanny/GitHub/leetcode/122. Best Time to Buy and Sell Stock II.md uploaded
2018-03-04 23:46:27: /Users/fanny/GitHub/leetcode/LeetCode Plan.md existed, delete it first
2018-03-04 23:46:27: /Users/fanny/GitHub/leetcode/LeetCode Plan.md uploaded
2018-03-04 23:46:27: /Users/fanny/GitHub/leetcode/24. Swap Nodes in Pairs.md uploaded
2018-03-04 23:46:27: /Users/fanny/GitHub/leetcode/169. Majority Element.md uploaded
2018-03-04 23:46:28: /Users/fanny/GitHub/leetcode/leetcode_python_test_field.ipynb existed, delete it first
2018-03-04 23:46:28: /Users/fanny/GitHub/leetcode/leetcode_python_test_field.ipynb uploaded
2018-03-04 23:46:28:  sync ended
2018-03-05 22:41:45:  start to sync now
2018-03-05 22:41:46: /Users/fanny/GitHub/leetcode/530. Minimum Absolute Difference in BST.md uploaded
2018-03-05 22:41:46: /Users/fanny/GitHub/leetcode/623. Add One Row to Tree.md uploaded
2018-03-05 22:41:47: /Users/fanny/GitHub/leetcode/167. Two Sum II - Input array is sorted.md uploaded
2018-03-05 22:41:47: /Users/fanny/GitHub/leetcode/387. First Unique Character in a String.md uploaded
2018-03-05 22:41:47: /Users/fanny/GitHub/leetcode/LeetCode Plan.md existed, delete it first
2018-03-05 22:41:47: /Users/fanny/GitHub/leetcode/LeetCode Plan.md uploaded
2018-03-05 22:41:47: /Users/fanny/GitHub/leetcode/242. Valid Anagram.md uploaded
2018-03-05 22:41:47:  sync ended
2018-03-05 22:50:25:  start to sync now
2018-03-05 22:50:25: /Users/fanny/GitHub/leetcode/LeetCode Plan.md existed, delete it first
2018-03-05 22:50:25: /Users/fanny/GitHub/leetcode/LeetCode Plan.md uploaded
2018-03-05 22:50:25:  sync ended
2018-03-06 23:15:51:  start to sync now
2018-03-06 23:15:52: /Users/fanny/GitHub/leetcode/455. Assign Cookies.md uploaded
2018-03-06 23:15:52: /Users/fanny/GitHub/leetcode/19. Remove Nth Node From End of List.md uploaded
2018-03-06 23:15:52: /Users/fanny/GitHub/leetcode/230. Kth Smallest Element in a BST.md uploaded
2018-03-06 23:15:52: /Users/fanny/GitHub/leetcode/203. Remove Linked List Elements.md uploaded
2018-03-06 23:15:52: /Users/fanny/GitHub/leetcode/LeetCode Plan.md existed, delete it first
2018-03-06 23:15:52: /Users/fanny/GitHub/leetcode/LeetCode Plan.md uploaded
2018-03-06 23:15:52: /Users/fanny/GitHub/leetcode/563. Binary Tree Tilt.md uploaded
2018-03-06 23:15:52: /Users/fanny/GitHub/leetcode/leetcode_python_test_field.ipynb existed, delete it first
2018-03-06 23:15:52: /Users/fanny/GitHub/leetcode/leetcode_python_test_field.ipynb uploaded
2018-03-06 23:15:53: /Users/fanny/GitHub/leetcode/237. Delete Node in a Linked List.md uploaded
2018-03-06 23:15:53:  sync ended
2018-03-06 23:17:27:  start to sync now
2018-03-06 23:17:27: /Users/fanny/GitHub/leetcode/LeetCode Plan.md existed, delete it first
2018-03-06 23:17:27: /Users/fanny/GitHub/leetcode/LeetCode Plan.md uploaded
2018-03-06 23:17:27:  sync ended
2018-03-08 01:38:43:  start to sync now
2018-03-08 01:38:44: /Users/fanny/GitHub/leetcode/49. Group Anagrams.md uploaded
2018-03-08 01:38:44: /Users/fanny/GitHub/leetcode/508. Most Frequent Subtree Sum.md uploaded
2018-03-08 01:38:44: /Users/fanny/GitHub/leetcode/LeetCode Plan.md existed, delete it first
2018-03-08 01:38:44: /Users/fanny/GitHub/leetcode/LeetCode Plan.md uploaded
2018-03-08 01:38:44: /Users/fanny/GitHub/leetcode/217. Contains Duplicate.md uploaded
2018-03-08 01:38:44: /Users/fanny/GitHub/leetcode/783. Minimum Distance Between BST Nodes.md uploaded
2018-03-08 01:38:44: /Users/fanny/GitHub/leetcode/506. Relative Ranks.md uploaded
2018-03-08 01:38:44: /Users/fanny/GitHub/leetcode/leetcode_python_test_field.ipynb existed, delete it first
2018-03-08 01:38:44: /Users/fanny/GitHub/leetcode/leetcode_python_test_field.ipynb uploaded
2018-03-08 01:38:45:  sync ended
2018-03-09 05:32:58:  start to sync now
2018-03-09 05:33:00: /Users/fanny/GitHub/leetcode/LeetCode Plan.md existed, delete it first
2018-03-09 05:33:00: /Users/fanny/GitHub/leetcode/LeetCode Plan.md uploaded
2018-03-09 05:33:00: /Users/fanny/GitHub/leetcode/746. Min Cost Climbing Stairs.md uploaded
2018-03-09 05:33:00: /Users/fanny/GitHub/leetcode/513. Find Bottom Left Tree Value.md uploaded
2018-03-09 05:33:00:  sync ended
